2020-10-24 18:04:27.424 [Thread-6] INFO  io.github.biezhi.wechat.api.WechatClient - [*] 正在获取 uuid ... 
2020-10-24 18:04:27.425 [Thread-6] DEBUG io.github.biezhi.wechat.api.WechatApi - [*] 请求 => Request{method=GET, url=https://login.weixin.qq.com/jslogin?appid=wx782c26e4c19acffb&lang=zh_CN&fun=new&_=1603533867425, tag=null}

2020-10-24 18:04:27.648 [Thread-6] DEBUG io.github.biezhi.wechat.api.WechatApi - [*] 响应 => window.QRLogin.code = 200; window.QRLogin.uuid = "od2-yaN2Dg==";
2020-10-24 18:04:27.648 [Thread-6] INFO  io.github.biezhi.wechat.api.WechatClient - [*] 正在获取二维码 ... 成功

2020-10-24 18:04:28.807 [Thread-6] INFO  io.github.biezhi.wechat.api.WechatClient - [*] 请使用微信扫描二维码以登录 ... 

2020-10-24 18:04:28.809 [Thread-6] DEBUG io.github.biezhi.wechat.api.WechatApi - [*] 请求 => Request{method=GET, url=https://wx.qq.com/cgi-bin/mmwebwx-bin/login?tip=1&uuid=od2-yaN2Dg==&_1603533868809, tag=null}

2020-10-24 18:04:49.994 [Thread-6] DEBUG io.github.biezhi.wechat.api.WechatApi - [*] 响应 => window.code=201;
2020-10-24 18:04:49.994 [Thread-6] INFO  io.github.biezhi.wechat.api.WechatClient - [*] 请在手机上点击确认以登录 ... 

2020-10-24 18:04:49.995 [Thread-6] DEBUG io.github.biezhi.wechat.api.WechatApi - [*] 请求 => Request{method=GET, url=https://wx.qq.com/cgi-bin/mmwebwx-bin/login?tip=0&uuid=od2-yaN2Dg==&_1603533889995, tag=null}

2020-10-24 18:04:52.313 [Thread-6] DEBUG io.github.biezhi.wechat.api.WechatApi - [*] 响应 => window.code=200;
window.redirect_uri="https://wx2.qq.com/cgi-bin/mmwebwx-bin/webwxnewloginpage?ticket=Axb6ZVee3d-6FmoFByaGGew6@qrticket_0&uuid=od2-yaN2Dg==&lang=zh_CN&scan=1603533889";
2020-10-24 18:04:52.314 [Thread-6] DEBUG io.github.biezhi.wechat.api.WechatApi - [*] 请求 => Request{method=GET, url=https://wx2.qq.com/cgi-bin/mmwebwx-bin/webwxnewloginpage?ticket=Axb6ZVee3d-6FmoFByaGGew6@qrticket_0&uuid=od2-yaN2Dg==&lang=zh_CN&scan=1603533889&fun=new, tag=null}

2020-10-24 18:04:52.838 [Thread-6] INFO  io.github.biezhi.wechat.api.WechatApi - [*] 设置cookie []
2020-10-24 18:05:16.600 [Thread-9] INFO  io.github.biezhi.wechat.api.WechatClient - [*] 正在获取 uuid ... 
2020-10-24 18:05:16.601 [Thread-9] DEBUG io.github.biezhi.wechat.api.WechatApi - [*] 请求 => Request{method=GET, url=https://login.weixin.qq.com/jslogin?appid=wx782c26e4c19acffb&lang=zh_CN&fun=new&_=1603533916600, tag=null}

2020-10-24 18:05:16.812 [Thread-9] DEBUG io.github.biezhi.wechat.api.WechatApi - [*] 响应 => window.QRLogin.code = 200; window.QRLogin.uuid = "QbnXs7YcIA==";
2020-10-24 18:05:16.812 [Thread-9] INFO  io.github.biezhi.wechat.api.WechatClient - [*] 正在获取二维码 ... 成功

2020-10-24 18:05:17.964 [Thread-9] INFO  io.github.biezhi.wechat.api.WechatClient - [*] 请使用微信扫描二维码以登录 ... 

2020-10-24 18:05:17.966 [Thread-9] DEBUG io.github.biezhi.wechat.api.WechatApi - [*] 请求 => Request{method=GET, url=https://wx2.qq.com/cgi-bin/mmwebwx-bin/login?tip=1&uuid=QbnXs7YcIA==&_1603533917966, tag=null}

2020-10-24 18:05:28.457 [Thread-9] DEBUG io.github.biezhi.wechat.api.WechatApi - [*] 响应 => window.code=201;
2020-10-24 18:05:28.457 [Thread-9] INFO  io.github.biezhi.wechat.api.WechatClient - [*] 请在手机上点击确认以登录 ... 

2020-10-24 18:05:28.457 [Thread-9] DEBUG io.github.biezhi.wechat.api.WechatApi - [*] 请求 => Request{method=GET, url=https://wx2.qq.com/cgi-bin/mmwebwx-bin/login?tip=0&uuid=QbnXs7YcIA==&_1603533928457, tag=null}

2020-10-24 18:05:30.752 [Thread-9] DEBUG io.github.biezhi.wechat.api.WechatApi - [*] 响应 => window.code=200;
window.redirect_uri="https://wx2.qq.com/cgi-bin/mmwebwx-bin/webwxnewloginpage?ticket=A3LmPFNG_lxYFfzDUCFkmlwF@qrticket_0&uuid=QbnXs7YcIA==&lang=zh_CN&scan=1603533928";
2020-10-24 18:05:30.752 [Thread-9] DEBUG io.github.biezhi.wechat.api.WechatApi - [*] 请求 => Request{method=GET, url=https://wx2.qq.com/cgi-bin/mmwebwx-bin/webwxnewloginpage?ticket=A3LmPFNG_lxYFfzDUCFkmlwF@qrticket_0&uuid=QbnXs7YcIA==&lang=zh_CN&scan=1603533928&fun=new, tag=null}

2020-10-24 18:05:31.021 [Thread-9] INFO  io.github.biezhi.wechat.api.WechatApi - [*] 设置cookie []
